{"/Users/leehyeji/dev/Projects/aidlc-workflows/AIDLC-2.4/web/src/App.js": {"path":"/Users/leehyeji/dev/Projects/aidlc-workflows/AIDLC-2.4/web/src/App.js","statementMap":{"0":{"start":{"line":16,"column":2},"end":{"line":32,"column":4}}},"fnMap":{"0":{"name":"App","decl":{"start":{"line":15,"column":9},"end":{"line":15,"column":12}},"loc":{"start":{"line":15,"column":15},"end":{"line":33,"column":1}},"line":15}},"branchMap":{},"s":{"0":0},"f":{"0":0},"b":{}}
,"/Users/leehyeji/dev/Projects/aidlc-workflows/AIDLC-2.4/web/src/index.js": {"path":"/Users/leehyeji/dev/Projects/aidlc-workflows/AIDLC-2.4/web/src/index.js","statementMap":{"0":{"start":{"line":5,"column":13},"end":{"line":5,"column":65}},"1":{"start":{"line":6,"column":0},"end":{"line":6,"column":58}}},"fnMap":{},"branchMap":{},"s":{"0":0,"1":0},"f":{},"b":{}}
,"/Users/leehyeji/dev/Projects/aidlc-workflows/AIDLC-2.4/web/src/components/admin/AdminDashboard.jsx": {"path":"/Users/leehyeji/dev/Projects/aidlc-workflows/AIDLC-2.4/web/src/components/admin/AdminDashboard.jsx","statementMap":{"0":{"start":{"line":10,"column":23},"end":{"line":94,"column":1}},"1":{"start":{"line":11,"column":30},"end":{"line":11,"column":42}},"2":{"start":{"line":12,"column":32},"end":{"line":12,"column":46}},"3":{"start":{"line":13,"column":19},"end":{"line":13,"column":28}},"4":{"start":{"line":15,"column":2},"end":{"line":17,"column":9}},"5":{"start":{"line":16,"column":4},"end":{"line":16,"column":18}},"6":{"start":{"line":19,"column":2},"end":{"line":35,"column":20}},"7":{"start":{"line":20,"column":4},"end":{"line":20,"column":29}},"8":{"start":{"line":20,"column":22},"end":{"line":20,"column":29}},"9":{"start":{"line":22,"column":24},"end":{"line":32,"column":6}},"10":{"start":{"line":23,"column":6},"end":{"line":31,"column":7}},"11":{"start":{"line":24,"column":8},"end":{"line":24,"column":51}},"12":{"start":{"line":24,"column":28},"end":{"line":24,"column":49}},"13":{"start":{"line":25,"column":13},"end":{"line":31,"column":7}},"14":{"start":{"line":26,"column":8},"end":{"line":30,"column":10}},"15":{"start":{"line":27,"column":10},"end":{"line":29,"column":11}},"16":{"start":{"line":28,"column":12},"end":{"line":28,"column":59}},"17":{"start":{"line":34,"column":4},"end":{"line":34,"column":37}},"18":{"start":{"line":34,"column":17},"end":{"line":34,"column":36}},"19":{"start":{"line":37,"column":22},"end":{"line":46,"column":3}},"20":{"start":{"line":38,"column":4},"end":{"line":45,"column":5}},"21":{"start":{"line":39,"column":19},"end":{"line":39,"column":41}},"22":{"start":{"line":40,"column":6},"end":{"line":40,"column":22}},"23":{"start":{"line":42,"column":6},"end":{"line":42,"column":52}},"24":{"start":{"line":44,"column":6},"end":{"line":44,"column":24}},"25":{"start":{"line":48,"column":29},"end":{"line":59,"column":3}},"26":{"start":{"line":49,"column":4},"end":{"line":58,"column":5}},"27":{"start":{"line":50,"column":6},"end":{"line":50,"column":50}},"28":{"start":{"line":51,"column":6},"end":{"line":55,"column":8}},"29":{"start":{"line":52,"column":8},"end":{"line":54,"column":9}},"30":{"start":{"line":53,"column":10},"end":{"line":53,"column":72}},"31":{"start":{"line":57,"column":6},"end":{"line":57,"column":73}},"32":{"start":{"line":61,"column":23},"end":{"line":70,"column":3}},"33":{"start":{"line":62,"column":4},"end":{"line":62,"column":48}},"34":{"start":{"line":62,"column":41},"end":{"line":62,"column":48}},"35":{"start":{"line":64,"column":4},"end":{"line":69,"column":5}},"36":{"start":{"line":65,"column":6},"end":{"line":65,"column":33}},"37":{"start":{"line":66,"column":6},"end":{"line":66,"column":72}},"38":{"start":{"line":66,"column":26},"end":{"line":66,"column":70}},"39":{"start":{"line":66,"column":49},"end":{"line":66,"column":69}},"40":{"start":{"line":68,"column":6},"end":{"line":68,"column":70}},"41":{"start":{"line":72,"column":2},"end":{"line":72,"column":41}},"42":{"start":{"line":72,"column":15},"end":{"line":72,"column":41}},"43":{"start":{"line":74,"column":2},"end":{"line":93,"column":4}},"44":{"start":{"line":83,"column":12},"end":{"line":88,"column":14}}},"fnMap":{"0":{"name":"(anonymous_0)","decl":{"start":{"line":10,"column":23},"end":{"line":10,"column":24}},"loc":{"start":{"line":10,"column":29},"end":{"line":94,"column":1}},"line":10},"1":{"name":"(anonymous_1)","decl":{"start":{"line":15,"column":12},"end":{"line":15,"column":13}},"loc":{"start":{"line":15,"column":18},"end":{"line":17,"column":3}},"line":15},"2":{"name":"(anonymous_2)","decl":{"start":{"line":19,"column":12},"end":{"line":19,"column":13}},"loc":{"start":{"line":19,"column":18},"end":{"line":35,"column":3}},"line":19},"3":{"name":"(anonymous_3)","decl":{"start":{"line":22,"column":57},"end":{"line":22,"column":58}},"loc":{"start":{"line":22,"column":67},"end":{"line":32,"column":5}},"line":22},"4":{"name":"(anonymous_4)","decl":{"start":{"line":24,"column":18},"end":{"line":24,"column":19}},"loc":{"start":{"line":24,"column":28},"end":{"line":24,"column":49}},"line":24},"5":{"name":"(anonymous_5)","decl":{"start":{"line":26,"column":18},"end":{"line":26,"column":19}},"loc":{"start":{"line":27,"column":10},"end":{"line":29,"column":11}},"line":27},"6":{"name":"(anonymous_6)","decl":{"start":{"line":27,"column":19},"end":{"line":27,"column":20}},"loc":{"start":{"line":28,"column":12},"end":{"line":28,"column":59}},"line":28},"7":{"name":"(anonymous_7)","decl":{"start":{"line":34,"column":11},"end":{"line":34,"column":12}},"loc":{"start":{"line":34,"column":17},"end":{"line":34,"column":36}},"line":34},"8":{"name":"(anonymous_8)","decl":{"start":{"line":37,"column":22},"end":{"line":37,"column":23}},"loc":{"start":{"line":37,"column":34},"end":{"line":46,"column":3}},"line":37},"9":{"name":"(anonymous_9)","decl":{"start":{"line":48,"column":29},"end":{"line":48,"column":30}},"loc":{"start":{"line":48,"column":59},"end":{"line":59,"column":3}},"line":48},"10":{"name":"(anonymous_10)","decl":{"start":{"line":51,"column":16},"end":{"line":51,"column":17}},"loc":{"start":{"line":52,"column":8},"end":{"line":54,"column":9}},"line":52},"11":{"name":"(anonymous_11)","decl":{"start":{"line":52,"column":17},"end":{"line":52,"column":18}},"loc":{"start":{"line":53,"column":10},"end":{"line":53,"column":72}},"line":53},"12":{"name":"(anonymous_12)","decl":{"start":{"line":61,"column":23},"end":{"line":61,"column":24}},"loc":{"start":{"line":61,"column":42},"end":{"line":70,"column":3}},"line":61},"13":{"name":"(anonymous_13)","decl":{"start":{"line":66,"column":16},"end":{"line":66,"column":17}},"loc":{"start":{"line":66,"column":26},"end":{"line":66,"column":70}},"line":66},"14":{"name":"(anonymous_14)","decl":{"start":{"line":66,"column":38},"end":{"line":66,"column":39}},"loc":{"start":{"line":66,"column":49},"end":{"line":66,"column":69}},"line":66},"15":{"name":"(anonymous_15)","decl":{"start":{"line":82,"column":22},"end":{"line":82,"column":23}},"loc":{"start":{"line":83,"column":12},"end":{"line":88,"column":14}},"line":83}},"branchMap":{"0":{"loc":{"start":{"line":20,"column":4},"end":{"line":20,"column":29}},"type":"if","locations":[{"start":{"line":20,"column":4},"end":{"line":20,"column":29}},{"start":{},"end":{}}],"line":20},"1":{"loc":{"start":{"line":23,"column":6},"end":{"line":31,"column":7}},"type":"if","locations":[{"start":{"line":23,"column":6},"end":{"line":31,"column":7}},{"start":{"line":25,"column":13},"end":{"line":31,"column":7}}],"line":23},"2":{"loc":{"start":{"line":25,"column":13},"end":{"line":31,"column":7}},"type":"if","locations":[{"start":{"line":25,"column":13},"end":{"line":31,"column":7}},{"start":{},"end":{}}],"line":25},"3":{"loc":{"start":{"line":28,"column":12},"end":{"line":28,"column":59}},"type":"cond-expr","locations":[{"start":{"line":28,"column":41},"end":{"line":28,"column":51}},{"start":{"line":28,"column":54},"end":{"line":28,"column":59}}],"line":28},"4":{"loc":{"start":{"line":53,"column":10},"end":{"line":53,"column":72}},"type":"cond-expr","locations":[{"start":{"line":53,"column":33},"end":{"line":53,"column":64}},{"start":{"line":53,"column":67},"end":{"line":53,"column":72}}],"line":53},"5":{"loc":{"start":{"line":57,"column":28},"end":{"line":57,"column":70}},"type":"binary-expr","locations":[{"start":{"line":57,"column":28},"end":{"line":57,"column":55}},{"start":{"line":57,"column":59},"end":{"line":57,"column":70}}],"line":57},"6":{"loc":{"start":{"line":62,"column":4},"end":{"line":62,"column":48}},"type":"if","locations":[{"start":{"line":62,"column":4},"end":{"line":62,"column":48}},{"start":{},"end":{}}],"line":62},"7":{"loc":{"start":{"line":68,"column":25},"end":{"line":68,"column":67}},"type":"binary-expr","locations":[{"start":{"line":68,"column":25},"end":{"line":68,"column":52}},{"start":{"line":68,"column":56},"end":{"line":68,"column":67}}],"line":68},"8":{"loc":{"start":{"line":72,"column":2},"end":{"line":72,"column":41}},"type":"if","locations":[{"start":{"line":72,"column":2},"end":{"line":72,"column":41}},{"start":{},"end":{}}],"line":72},"9":{"loc":{"start":{"line":78,"column":7},"end":{"line":91,"column":7}},"type":"cond-expr","locations":[{"start":{"line":79,"column":8},"end":{"line":79,"column":27}},{"start":{"line":81,"column":8},"end":{"line":90,"column":14}}],"line":78}},"s":{"0":0,"1":0,"2":0,"3":0,"4":0,"5":0,"6":0,"7":0,"8":0,"9":0,"10":0,"11":0,"12":0,"13":0,"14":0,"15":0,"16":0,"17":0,"18":0,"19":0,"20":0,"21":0,"22":0,"23":0,"24":0,"25":0,"26":0,"27":0,"28":0,"29":0,"30":0,"31":0,"32":0,"33":0,"34":0,"35":0,"36":0,"37":0,"38":0,"39":0,"40":0,"41":0,"42":0,"43":0,"44":0},"f":{"0":0,"1":0,"2":0,"3":0,"4":0,"5":0,"6":0,"7":0,"8":0,"9":0,"10":0,"11":0,"12":0,"13":0,"14":0,"15":0},"b":{"0":[0,0],"1":[0,0],"2":[0,0],"3":[0,0],"4":[0,0],"5":[0,0],"6":[0,0],"7":[0,0],"8":[0,0],"9":[0,0]}}
,"/Users/leehyeji/dev/Projects/aidlc-workflows/AIDLC-2.4/web/src/components/admin/AdminLogin.jsx": {"path":"/Users/leehyeji/dev/Projects/aidlc-workflows/AIDLC-2.4/web/src/components/admin/AdminLogin.jsx","statementMap":{"0":{"start":{"line":9,"column":19},"end":{"line":67,"column":1}},"1":{"start":{"line":10,"column":36},"end":{"line":10,"column":48}},"2":{"start":{"line":11,"column":34},"end":{"line":11,"column":46}},"3":{"start":{"line":12,"column":34},"end":{"line":12,"column":46}},"4":{"start":{"line":13,"column":28},"end":{"line":13,"column":40}},"5":{"start":{"line":14,"column":32},"end":{"line":14,"column":47}},"6":{"start":{"line":16,"column":20},"end":{"line":16,"column":29}},"7":{"start":{"line":17,"column":19},"end":{"line":17,"column":32}},"8":{"start":{"line":19,"column":22},"end":{"line":33,"column":3}},"9":{"start":{"line":20,"column":4},"end":{"line":20,"column":23}},"10":{"start":{"line":21,"column":4},"end":{"line":21,"column":17}},"11":{"start":{"line":22,"column":4},"end":{"line":22,"column":21}},"12":{"start":{"line":24,"column":4},"end":{"line":32,"column":5}},"13":{"start":{"line":25,"column":19},"end":{"line":25,"column":66}},"14":{"start":{"line":26,"column":6},"end":{"line":26,"column":27}},"15":{"start":{"line":27,"column":6},"end":{"line":27,"column":35}},"16":{"start":{"line":29,"column":6},"end":{"line":29,"column":56}},"17":{"start":{"line":31,"column":6},"end":{"line":31,"column":24}},"18":{"start":{"line":35,"column":2},"end":{"line":66,"column":4}},"19":{"start":{"line":43,"column":27},"end":{"line":43,"column":55}},"20":{"start":{"line":50,"column":27},"end":{"line":50,"column":54}},"21":{"start":{"line":57,"column":27},"end":{"line":57,"column":54}}},"fnMap":{"0":{"name":"(anonymous_0)","decl":{"start":{"line":9,"column":19},"end":{"line":9,"column":20}},"loc":{"start":{"line":9,"column":25},"end":{"line":67,"column":1}},"line":9},"1":{"name":"(anonymous_1)","decl":{"start":{"line":19,"column":22},"end":{"line":19,"column":23}},"loc":{"start":{"line":19,"column":35},"end":{"line":33,"column":3}},"line":19},"2":{"name":"(anonymous_2)","decl":{"start":{"line":43,"column":20},"end":{"line":43,"column":21}},"loc":{"start":{"line":43,"column":27},"end":{"line":43,"column":55}},"line":43},"3":{"name":"(anonymous_3)","decl":{"start":{"line":50,"column":20},"end":{"line":50,"column":21}},"loc":{"start":{"line":50,"column":27},"end":{"line":50,"column":54}},"line":50},"4":{"name":"(anonymous_4)","decl":{"start":{"line":57,"column":20},"end":{"line":57,"column":21}},"loc":{"start":{"line":57,"column":27},"end":{"line":57,"column":54}},"line":57}},"branchMap":{"0":{"loc":{"start":{"line":29,"column":15},"end":{"line":29,"column":54}},"type":"binary-expr","locations":[{"start":{"line":29,"column":15},"end":{"line":29,"column":42}},{"start":{"line":29,"column":46},"end":{"line":29,"column":54}}],"line":29},"1":{"loc":{"start":{"line":60,"column":9},"end":{"line":60,"column":54}},"type":"binary-expr","locations":[{"start":{"line":60,"column":9},"end":{"line":60,"column":14}},{"start":{"line":60,"column":18},"end":{"line":60,"column":54}}],"line":60},"2":{"loc":{"start":{"line":62,"column":11},"end":{"line":62,"column":39}},"type":"cond-expr","locations":[{"start":{"line":62,"column":21},"end":{"line":62,"column":31}},{"start":{"line":62,"column":34},"end":{"line":62,"column":39}}],"line":62}},"s":{"0":0,"1":0,"2":0,"3":0,"4":0,"5":0,"6":0,"7":0,"8":0,"9":0,"10":0,"11":0,"12":0,"13":0,"14":0,"15":0,"16":0,"17":0,"18":0,"19":0,"20":0,"21":0},"f":{"0":0,"1":0,"2":0,"3":0,"4":0},"b":{"0":[0,0],"1":[0,0],"2":[0,0]}}
,"/Users/leehyeji/dev/Projects/aidlc-workflows/AIDLC-2.4/web/src/components/admin/MenuForm.jsx": {"path":"/Users/leehyeji/dev/Projects/aidlc-workflows/AIDLC-2.4/web/src/components/admin/MenuForm.jsx","statementMap":{"0":{"start":{"line":11,"column":17},"end":{"line":110,"column":1}},"1":{"start":{"line":12,"column":34},"end":{"line":19,"column":4}},"2":{"start":{"line":20,"column":32},"end":{"line":20,"column":47}},"3":{"start":{"line":22,"column":2},"end":{"line":26,"column":13}},"4":{"start":{"line":23,"column":4},"end":{"line":25,"column":5}},"5":{"start":{"line":24,"column":6},"end":{"line":24,"column":24}},"6":{"start":{"line":28,"column":23},"end":{"line":31,"column":3}},"7":{"start":{"line":29,"column":28},"end":{"line":29,"column":36}},"8":{"start":{"line":30,"column":4},"end":{"line":30,"column":56}},"9":{"start":{"line":30,"column":27},"end":{"line":30,"column":53}},"10":{"start":{"line":33,"column":23},"end":{"line":49,"column":3}},"11":{"start":{"line":34,"column":4},"end":{"line":34,"column":23}},"12":{"start":{"line":35,"column":4},"end":{"line":35,"column":21}},"13":{"start":{"line":37,"column":4},"end":{"line":48,"column":5}},"14":{"start":{"line":38,"column":6},"end":{"line":42,"column":7}},"15":{"start":{"line":39,"column":8},"end":{"line":39,"column":44}},"16":{"start":{"line":41,"column":8},"end":{"line":41,"column":35}},"17":{"start":{"line":43,"column":6},"end":{"line":43,"column":17}},"18":{"start":{"line":45,"column":6},"end":{"line":45,"column":70}},"19":{"start":{"line":47,"column":6},"end":{"line":47,"column":24}},"20":{"start":{"line":51,"column":2},"end":{"line":109,"column":4}}},"fnMap":{"0":{"name":"(anonymous_0)","decl":{"start":{"line":11,"column":17},"end":{"line":11,"column":18}},"loc":{"start":{"line":11,"column":51},"end":{"line":110,"column":1}},"line":11},"1":{"name":"(anonymous_1)","decl":{"start":{"line":22,"column":12},"end":{"line":22,"column":13}},"loc":{"start":{"line":22,"column":18},"end":{"line":26,"column":3}},"line":22},"2":{"name":"(anonymous_2)","decl":{"start":{"line":28,"column":23},"end":{"line":28,"column":24}},"loc":{"start":{"line":28,"column":30},"end":{"line":31,"column":3}},"line":28},"3":{"name":"(anonymous_3)","decl":{"start":{"line":30,"column":16},"end":{"line":30,"column":17}},"loc":{"start":{"line":30,"column":27},"end":{"line":30,"column":53}},"line":30},"4":{"name":"(anonymous_4)","decl":{"start":{"line":33,"column":23},"end":{"line":33,"column":24}},"loc":{"start":{"line":33,"column":36},"end":{"line":49,"column":3}},"line":33}},"branchMap":{"0":{"loc":{"start":{"line":23,"column":4},"end":{"line":25,"column":5}},"type":"if","locations":[{"start":{"line":23,"column":4},"end":{"line":25,"column":5}},{"start":{},"end":{}}],"line":23},"1":{"loc":{"start":{"line":38,"column":6},"end":{"line":42,"column":7}},"type":"if","locations":[{"start":{"line":38,"column":6},"end":{"line":42,"column":7}},{"start":{"line":40,"column":13},"end":{"line":42,"column":7}}],"line":38},"2":{"loc":{"start":{"line":45,"column":25},"end":{"line":45,"column":67}},"type":"binary-expr","locations":[{"start":{"line":45,"column":25},"end":{"line":45,"column":52}},{"start":{"line":45,"column":56},"end":{"line":45,"column":67}}],"line":45},"3":{"loc":{"start":{"line":53,"column":11},"end":{"line":53,"column":37}},"type":"cond-expr","locations":[{"start":{"line":53,"column":18},"end":{"line":53,"column":25}},{"start":{"line":53,"column":28},"end":{"line":53,"column":37}}],"line":53},"4":{"loc":{"start":{"line":101,"column":13},"end":{"line":101,"column":39}},"type":"cond-expr","locations":[{"start":{"line":101,"column":23},"end":{"line":101,"column":32}},{"start":{"line":101,"column":35},"end":{"line":101,"column":39}}],"line":101}},"s":{"0":0,"1":0,"2":0,"3":0,"4":0,"5":0,"6":0,"7":0,"8":0,"9":0,"10":0,"11":0,"12":0,"13":0,"14":0,"15":0,"16":0,"17":0,"18":0,"19":0,"20":0},"f":{"0":0,"1":0,"2":0,"3":0,"4":0},"b":{"0":[0,0],"1":[0,0],"2":[0,0],"3":[0,0],"4":[0,0]}}
,"/Users/leehyeji/dev/Projects/aidlc-workflows/AIDLC-2.4/web/src/components/admin/MenuManagement.jsx": {"path":"/Users/leehyeji/dev/Projects/aidlc-workflows/AIDLC-2.4/web/src/components/admin/MenuManagement.jsx","statementMap":{"0":{"start":{"line":8,"column":23},"end":{"line":85,"column":1}},"1":{"start":{"line":9,"column":28},"end":{"line":9,"column":40}},"2":{"start":{"line":10,"column":32},"end":{"line":10,"column":46}},"3":{"start":{"line":11,"column":40},"end":{"line":11,"column":54}},"4":{"start":{"line":12,"column":34},"end":{"line":12,"column":49}},"5":{"start":{"line":14,"column":2},"end":{"line":16,"column":9}},"6":{"start":{"line":15,"column":4},"end":{"line":15,"column":17}},"7":{"start":{"line":18,"column":21},"end":{"line":27,"column":3}},"8":{"start":{"line":19,"column":4},"end":{"line":26,"column":5}},"9":{"start":{"line":20,"column":19},"end":{"line":20,"column":40}},"10":{"start":{"line":21,"column":6},"end":{"line":21,"column":21}},"11":{"start":{"line":23,"column":6},"end":{"line":23,"column":51}},"12":{"start":{"line":25,"column":6},"end":{"line":25,"column":24}},"13":{"start":{"line":29,"column":23},"end":{"line":32,"column":3}},"14":{"start":{"line":30,"column":4},"end":{"line":30,"column":25}},"15":{"start":{"line":31,"column":4},"end":{"line":31,"column":22}},"16":{"start":{"line":34,"column":21},"end":{"line":37,"column":3}},"17":{"start":{"line":35,"column":4},"end":{"line":35,"column":25}},"18":{"start":{"line":36,"column":4},"end":{"line":36,"column":22}},"19":{"start":{"line":39,"column":23},"end":{"line":48,"column":3}},"20":{"start":{"line":40,"column":4},"end":{"line":40,"column":48}},"21":{"start":{"line":40,"column":41},"end":{"line":40,"column":48}},"22":{"start":{"line":42,"column":4},"end":{"line":47,"column":5}},"23":{"start":{"line":43,"column":6},"end":{"line":43,"column":31}},"24":{"start":{"line":44,"column":6},"end":{"line":44,"column":68}},"25":{"start":{"line":44,"column":25},"end":{"line":44,"column":66}},"26":{"start":{"line":44,"column":47},"end":{"line":44,"column":65}},"27":{"start":{"line":46,"column":6},"end":{"line":46,"column":70}},"28":{"start":{"line":50,"column":27},"end":{"line":54,"column":3}},"29":{"start":{"line":51,"column":4},"end":{"line":51,"column":23}},"30":{"start":{"line":52,"column":4},"end":{"line":52,"column":25}},"31":{"start":{"line":53,"column":4},"end":{"line":53,"column":17}},"32":{"start":{"line":56,"column":2},"end":{"line":56,"column":41}},"33":{"start":{"line":56,"column":15},"end":{"line":56,"column":41}},"34":{"start":{"line":58,"column":2},"end":{"line":84,"column":4}},"35":{"start":{"line":68,"column":26},"end":{"line":68,"column":44}},"36":{"start":{"line":74,"column":10},"end":{"line":80,"column":16}},"37":{"start":{"line":78,"column":35},"end":{"line":78,"column":51}},"38":{"start":{"line":79,"column":35},"end":{"line":79,"column":56}}},"fnMap":{"0":{"name":"(anonymous_0)","decl":{"start":{"line":8,"column":23},"end":{"line":8,"column":24}},"loc":{"start":{"line":8,"column":29},"end":{"line":85,"column":1}},"line":8},"1":{"name":"(anonymous_1)","decl":{"start":{"line":14,"column":12},"end":{"line":14,"column":13}},"loc":{"start":{"line":14,"column":18},"end":{"line":16,"column":3}},"line":14},"2":{"name":"(anonymous_2)","decl":{"start":{"line":18,"column":21},"end":{"line":18,"column":22}},"loc":{"start":{"line":18,"column":33},"end":{"line":27,"column":3}},"line":18},"3":{"name":"(anonymous_3)","decl":{"start":{"line":29,"column":23},"end":{"line":29,"column":24}},"loc":{"start":{"line":29,"column":29},"end":{"line":32,"column":3}},"line":29},"4":{"name":"(anonymous_4)","decl":{"start":{"line":34,"column":21},"end":{"line":34,"column":22}},"loc":{"start":{"line":34,"column":31},"end":{"line":37,"column":3}},"line":34},"5":{"name":"(anonymous_5)","decl":{"start":{"line":39,"column":23},"end":{"line":39,"column":24}},"loc":{"start":{"line":39,"column":41},"end":{"line":48,"column":3}},"line":39},"6":{"name":"(anonymous_6)","decl":{"start":{"line":44,"column":15},"end":{"line":44,"column":16}},"loc":{"start":{"line":44,"column":25},"end":{"line":44,"column":66}},"line":44},"7":{"name":"(anonymous_7)","decl":{"start":{"line":44,"column":37},"end":{"line":44,"column":38}},"loc":{"start":{"line":44,"column":47},"end":{"line":44,"column":65}},"line":44},"8":{"name":"(anonymous_8)","decl":{"start":{"line":50,"column":27},"end":{"line":50,"column":28}},"loc":{"start":{"line":50,"column":33},"end":{"line":54,"column":3}},"line":50},"9":{"name":"(anonymous_9)","decl":{"start":{"line":68,"column":20},"end":{"line":68,"column":21}},"loc":{"start":{"line":68,"column":26},"end":{"line":68,"column":44}},"line":68},"10":{"name":"(anonymous_10)","decl":{"start":{"line":73,"column":19},"end":{"line":73,"column":20}},"loc":{"start":{"line":74,"column":10},"end":{"line":80,"column":16}},"line":74},"11":{"name":"(anonymous_11)","decl":{"start":{"line":78,"column":29},"end":{"line":78,"column":30}},"loc":{"start":{"line":78,"column":35},"end":{"line":78,"column":51}},"line":78},"12":{"name":"(anonymous_12)","decl":{"start":{"line":79,"column":29},"end":{"line":79,"column":30}},"loc":{"start":{"line":79,"column":35},"end":{"line":79,"column":56}},"line":79}},"branchMap":{"0":{"loc":{"start":{"line":40,"column":4},"end":{"line":40,"column":48}},"type":"if","locations":[{"start":{"line":40,"column":4},"end":{"line":40,"column":48}},{"start":{},"end":{}}],"line":40},"1":{"loc":{"start":{"line":46,"column":25},"end":{"line":46,"column":67}},"type":"binary-expr","locations":[{"start":{"line":46,"column":25},"end":{"line":46,"column":52}},{"start":{"line":46,"column":56},"end":{"line":46,"column":67}}],"line":46},"2":{"loc":{"start":{"line":56,"column":2},"end":{"line":56,"column":41}},"type":"if","locations":[{"start":{"line":56,"column":2},"end":{"line":56,"column":41}},{"start":{},"end":{}}],"line":56},"3":{"loc":{"start":{"line":64,"column":7},"end":{"line":70,"column":7}},"type":"binary-expr","locations":[{"start":{"line":64,"column":7},"end":{"line":64,"column":15}},{"start":{"line":65,"column":8},"end":{"line":69,"column":10}}],"line":64}},"s":{"0":0,"1":0,"2":0,"3":0,"4":0,"5":0,"6":0,"7":0,"8":0,"9":0,"10":0,"11":0,"12":0,"13":0,"14":0,"15":0,"16":0,"17":0,"18":0,"19":0,"20":0,"21":0,"22":0,"23":0,"24":0,"25":0,"26":0,"27":0,"28":0,"29":0,"30":0,"31":0,"32":0,"33":0,"34":0,"35":0,"36":0,"37":0,"38":0},"f":{"0":0,"1":0,"2":0,"3":0,"4":0,"5":0,"6":0,"7":0,"8":0,"9":0,"10":0,"11":0,"12":0},"b":{"0":[0,0],"1":[0,0],"2":[0,0],"3":[0,0]}}
,"/Users/leehyeji/dev/Projects/aidlc-workflows/AIDLC-2.4/web/src/components/admin/OrderCard.jsx": {"path":"/Users/leehyeji/dev/Projects/aidlc-workflows/AIDLC-2.4/web/src/components/admin/OrderCard.jsx","statementMap":{"0":{"start":{"line":10,"column":18},"end":{"line":43,"column":1}},"1":{"start":{"line":11,"column":2},"end":{"line":42,"column":4}},"2":{"start":{"line":18,"column":10},"end":{"line":20,"column":16}},"3":{"start":{"line":30,"column":27},"end":{"line":30,"column":67}},"4":{"start":{"line":38,"column":29},"end":{"line":38,"column":47}}},"fnMap":{"0":{"name":"(anonymous_0)","decl":{"start":{"line":10,"column":18},"end":{"line":10,"column":19}},"loc":{"start":{"line":10,"column":59},"end":{"line":43,"column":1}},"line":10},"1":{"name":"(anonymous_1)","decl":{"start":{"line":17,"column":25},"end":{"line":17,"column":26}},"loc":{"start":{"line":18,"column":10},"end":{"line":20,"column":16}},"line":18},"2":{"name":"(anonymous_2)","decl":{"start":{"line":30,"column":20},"end":{"line":30,"column":21}},"loc":{"start":{"line":30,"column":27},"end":{"line":30,"column":67}},"line":30},"3":{"name":"(anonymous_3)","decl":{"start":{"line":38,"column":23},"end":{"line":38,"column":24}},"loc":{"start":{"line":38,"column":29},"end":{"line":38,"column":47}},"line":38}},"branchMap":{},"s":{"0":0,"1":0,"2":0,"3":0,"4":0},"f":{"0":0,"1":0,"2":0,"3":0},"b":{}}
,"/Users/leehyeji/dev/Projects/aidlc-workflows/AIDLC-2.4/web/src/components/customer/Cart.jsx": {"path":"/Users/leehyeji/dev/Projects/aidlc-workflows/AIDLC-2.4/web/src/components/customer/Cart.jsx","statementMap":{"0":{"start":{"line":10,"column":13},"end":{"line":68,"column":1}},"1":{"start":{"line":11,"column":72},"end":{"line":11,"column":81}},"2":{"start":{"line":12,"column":19},"end":{"line":12,"column":28}},"3":{"start":{"line":13,"column":19},"end":{"line":13,"column":32}},"4":{"start":{"line":15,"column":25},"end":{"line":35,"column":3}},"5":{"start":{"line":16,"column":4},"end":{"line":20,"column":5}},"6":{"start":{"line":17,"column":6},"end":{"line":17,"column":26}},"7":{"start":{"line":18,"column":6},"end":{"line":18,"column":25}},"8":{"start":{"line":19,"column":6},"end":{"line":19,"column":13}},"9":{"start":{"line":22,"column":4},"end":{"line":34,"column":5}},"10":{"start":{"line":23,"column":25},"end":{"line":26,"column":9}},"11":{"start":{"line":23,"column":46},"end":{"line":26,"column":7}},"12":{"start":{"line":28,"column":6},"end":{"line":28,"column":52}},"13":{"start":{"line":29,"column":6},"end":{"line":29,"column":18}},"14":{"start":{"line":30,"column":6},"end":{"line":30,"column":27}},"15":{"start":{"line":31,"column":6},"end":{"line":31,"column":26}},"16":{"start":{"line":33,"column":6},"end":{"line":33,"column":70}},"17":{"start":{"line":37,"column":2},"end":{"line":39,"column":3}},"18":{"start":{"line":38,"column":4},"end":{"line":38,"column":58}},"19":{"start":{"line":41,"column":2},"end":{"line":67,"column":4}},"20":{"start":{"line":46,"column":8},"end":{"line":56,"column":14}},"21":{"start":{"line":50,"column":35},"end":{"line":50,"column":77}},"22":{"start":{"line":52,"column":35},"end":{"line":52,"column":77}},"23":{"start":{"line":55,"column":33},"end":{"line":55,"column":52}}},"fnMap":{"0":{"name":"(anonymous_0)","decl":{"start":{"line":10,"column":13},"end":{"line":10,"column":14}},"loc":{"start":{"line":10,"column":19},"end":{"line":68,"column":1}},"line":10},"1":{"name":"(anonymous_1)","decl":{"start":{"line":15,"column":25},"end":{"line":15,"column":26}},"loc":{"start":{"line":15,"column":37},"end":{"line":35,"column":3}},"line":15},"2":{"name":"(anonymous_2)","decl":{"start":{"line":23,"column":35},"end":{"line":23,"column":36}},"loc":{"start":{"line":23,"column":46},"end":{"line":26,"column":7}},"line":23},"3":{"name":"(anonymous_3)","decl":{"start":{"line":45,"column":17},"end":{"line":45,"column":18}},"loc":{"start":{"line":46,"column":8},"end":{"line":56,"column":14}},"line":46},"4":{"name":"(anonymous_4)","decl":{"start":{"line":50,"column":29},"end":{"line":50,"column":30}},"loc":{"start":{"line":50,"column":35},"end":{"line":50,"column":77}},"line":50},"5":{"name":"(anonymous_5)","decl":{"start":{"line":52,"column":29},"end":{"line":52,"column":30}},"loc":{"start":{"line":52,"column":35},"end":{"line":52,"column":77}},"line":52},"6":{"name":"(anonymous_6)","decl":{"start":{"line":55,"column":27},"end":{"line":55,"column":28}},"loc":{"start":{"line":55,"column":33},"end":{"line":55,"column":52}},"line":55}},"branchMap":{"0":{"loc":{"start":{"line":16,"column":4},"end":{"line":20,"column":5}},"type":"if","locations":[{"start":{"line":16,"column":4},"end":{"line":20,"column":5}},{"start":{},"end":{}}],"line":16},"1":{"loc":{"start":{"line":33,"column":25},"end":{"line":33,"column":67}},"type":"binary-expr","locations":[{"start":{"line":33,"column":25},"end":{"line":33,"column":52}},{"start":{"line":33,"column":56},"end":{"line":33,"column":67}}],"line":33},"2":{"loc":{"start":{"line":37,"column":2},"end":{"line":39,"column":3}},"type":"if","locations":[{"start":{"line":37,"column":2},"end":{"line":39,"column":3}},{"start":{},"end":{}}],"line":37}},"s":{"0":0,"1":0,"2":0,"3":0,"4":0,"5":0,"6":0,"7":0,"8":0,"9":0,"10":0,"11":0,"12":0,"13":0,"14":0,"15":0,"16":0,"17":0,"18":0,"19":0,"20":0,"21":0,"22":0,"23":0},"f":{"0":0,"1":0,"2":0,"3":0,"4":0,"5":0,"6":0},"b":{"0":[0,0],"1":[0,0],"2":[0,0]}}
,"/Users/leehyeji/dev/Projects/aidlc-workflows/AIDLC-2.4/web/src/components/customer/CustomerLogin.jsx": {"path":"/Users/leehyeji/dev/Projects/aidlc-workflows/AIDLC-2.4/web/src/components/customer/CustomerLogin.jsx","statementMap":{"0":{"start":{"line":9,"column":22},"end":{"line":67,"column":1}},"1":{"start":{"line":10,"column":36},"end":{"line":10,"column":48}},"2":{"start":{"line":11,"column":40},"end":{"line":11,"column":52}},"3":{"start":{"line":12,"column":34},"end":{"line":12,"column":46}},"4":{"start":{"line":13,"column":28},"end":{"line":13,"column":40}},"5":{"start":{"line":14,"column":32},"end":{"line":14,"column":47}},"6":{"start":{"line":16,"column":20},"end":{"line":16,"column":29}},"7":{"start":{"line":17,"column":19},"end":{"line":17,"column":32}},"8":{"start":{"line":19,"column":22},"end":{"line":33,"column":3}},"9":{"start":{"line":20,"column":4},"end":{"line":20,"column":23}},"10":{"start":{"line":21,"column":4},"end":{"line":21,"column":17}},"11":{"start":{"line":22,"column":4},"end":{"line":22,"column":21}},"12":{"start":{"line":24,"column":4},"end":{"line":32,"column":5}},"13":{"start":{"line":25,"column":19},"end":{"line":25,"column":79}},"14":{"start":{"line":26,"column":6},"end":{"line":26,"column":70}},"15":{"start":{"line":27,"column":6},"end":{"line":27,"column":20}},"16":{"start":{"line":29,"column":6},"end":{"line":29,"column":56}},"17":{"start":{"line":31,"column":6},"end":{"line":31,"column":24}},"18":{"start":{"line":35,"column":2},"end":{"line":66,"column":4}},"19":{"start":{"line":43,"column":27},"end":{"line":43,"column":55}},"20":{"start":{"line":50,"column":27},"end":{"line":50,"column":57}},"21":{"start":{"line":57,"column":27},"end":{"line":57,"column":54}}},"fnMap":{"0":{"name":"(anonymous_0)","decl":{"start":{"line":9,"column":22},"end":{"line":9,"column":23}},"loc":{"start":{"line":9,"column":28},"end":{"line":67,"column":1}},"line":9},"1":{"name":"(anonymous_1)","decl":{"start":{"line":19,"column":22},"end":{"line":19,"column":23}},"loc":{"start":{"line":19,"column":35},"end":{"line":33,"column":3}},"line":19},"2":{"name":"(anonymous_2)","decl":{"start":{"line":43,"column":20},"end":{"line":43,"column":21}},"loc":{"start":{"line":43,"column":27},"end":{"line":43,"column":55}},"line":43},"3":{"name":"(anonymous_3)","decl":{"start":{"line":50,"column":20},"end":{"line":50,"column":21}},"loc":{"start":{"line":50,"column":27},"end":{"line":50,"column":57}},"line":50},"4":{"name":"(anonymous_4)","decl":{"start":{"line":57,"column":20},"end":{"line":57,"column":21}},"loc":{"start":{"line":57,"column":27},"end":{"line":57,"column":54}},"line":57}},"branchMap":{"0":{"loc":{"start":{"line":29,"column":15},"end":{"line":29,"column":54}},"type":"binary-expr","locations":[{"start":{"line":29,"column":15},"end":{"line":29,"column":42}},{"start":{"line":29,"column":46},"end":{"line":29,"column":54}}],"line":29},"1":{"loc":{"start":{"line":60,"column":9},"end":{"line":60,"column":54}},"type":"binary-expr","locations":[{"start":{"line":60,"column":9},"end":{"line":60,"column":14}},{"start":{"line":60,"column":18},"end":{"line":60,"column":54}}],"line":60},"2":{"loc":{"start":{"line":62,"column":11},"end":{"line":62,"column":39}},"type":"cond-expr","locations":[{"start":{"line":62,"column":21},"end":{"line":62,"column":31}},{"start":{"line":62,"column":34},"end":{"line":62,"column":39}}],"line":62}},"s":{"0":0,"1":0,"2":0,"3":0,"4":0,"5":0,"6":0,"7":0,"8":0,"9":0,"10":0,"11":0,"12":0,"13":0,"14":0,"15":0,"16":0,"17":0,"18":0,"19":0,"20":0,"21":0},"f":{"0":0,"1":0,"2":0,"3":0,"4":0},"b":{"0":[0,0],"1":[0,0],"2":[0,0]}}
,"/Users/leehyeji/dev/Projects/aidlc-workflows/AIDLC-2.4/web/src/components/customer/MenuBrowser.jsx": {"path":"/Users/leehyeji/dev/Projects/aidlc-workflows/AIDLC-2.4/web/src/components/customer/MenuBrowser.jsx","statementMap":{"0":{"start":{"line":9,"column":20},"end":{"line":85,"column":1}},"1":{"start":{"line":10,"column":38},"end":{"line":10,"column":50}},"2":{"start":{"line":11,"column":28},"end":{"line":11,"column":40}},"3":{"start":{"line":12,"column":50},"end":{"line":12,"column":64}},"4":{"start":{"line":13,"column":40},"end":{"line":13,"column":52}},"5":{"start":{"line":14,"column":32},"end":{"line":14,"column":47}},"6":{"start":{"line":16,"column":22},"end":{"line":16,"column":31}},"7":{"start":{"line":18,"column":2},"end":{"line":21,"column":9}},"8":{"start":{"line":19,"column":4},"end":{"line":19,"column":22}},"9":{"start":{"line":20,"column":4},"end":{"line":20,"column":17}},"10":{"start":{"line":23,"column":2},"end":{"line":25,"column":38}},"11":{"start":{"line":24,"column":4},"end":{"line":24,"column":17}},"12":{"start":{"line":27,"column":26},"end":{"line":34,"column":3}},"13":{"start":{"line":28,"column":4},"end":{"line":33,"column":5}},"14":{"start":{"line":29,"column":19},"end":{"line":29,"column":40}},"15":{"start":{"line":30,"column":6},"end":{"line":30,"column":26}},"16":{"start":{"line":32,"column":6},"end":{"line":32,"column":56}},"17":{"start":{"line":36,"column":21},"end":{"line":46,"column":3}},"18":{"start":{"line":37,"column":4},"end":{"line":37,"column":21}},"19":{"start":{"line":38,"column":4},"end":{"line":45,"column":5}},"20":{"start":{"line":39,"column":19},"end":{"line":39,"column":64}},"21":{"start":{"line":40,"column":6},"end":{"line":40,"column":21}},"22":{"start":{"line":42,"column":6},"end":{"line":42,"column":51}},"23":{"start":{"line":44,"column":6},"end":{"line":44,"column":24}},"24":{"start":{"line":48,"column":2},"end":{"line":84,"column":4}},"25":{"start":{"line":54,"column":33},"end":{"line":54,"column":58}},"26":{"start":{"line":56,"column":12},"end":{"line":62,"column":21}},"27":{"start":{"line":58,"column":29},"end":{"line":58,"column":56}},"28":{"start":{"line":66,"column":53},"end":{"line":66,"column":83}},"29":{"start":{"line":79,"column":12},"end":{"line":79,"column":72}}},"fnMap":{"0":{"name":"(anonymous_0)","decl":{"start":{"line":9,"column":20},"end":{"line":9,"column":21}},"loc":{"start":{"line":9,"column":26},"end":{"line":85,"column":1}},"line":9},"1":{"name":"(anonymous_1)","decl":{"start":{"line":18,"column":12},"end":{"line":18,"column":13}},"loc":{"start":{"line":18,"column":18},"end":{"line":21,"column":3}},"line":18},"2":{"name":"(anonymous_2)","decl":{"start":{"line":23,"column":12},"end":{"line":23,"column":13}},"loc":{"start":{"line":23,"column":18},"end":{"line":25,"column":3}},"line":23},"3":{"name":"(anonymous_3)","decl":{"start":{"line":27,"column":26},"end":{"line":27,"column":27}},"loc":{"start":{"line":27,"column":38},"end":{"line":34,"column":3}},"line":27},"4":{"name":"(anonymous_4)","decl":{"start":{"line":36,"column":21},"end":{"line":36,"column":22}},"loc":{"start":{"line":36,"column":33},"end":{"line":46,"column":3}},"line":36},"5":{"name":"(anonymous_5)","decl":{"start":{"line":54,"column":27},"end":{"line":54,"column":28}},"loc":{"start":{"line":54,"column":33},"end":{"line":54,"column":58}},"line":54},"6":{"name":"(anonymous_6)","decl":{"start":{"line":55,"column":26},"end":{"line":55,"column":27}},"loc":{"start":{"line":56,"column":12},"end":{"line":62,"column":21}},"line":56},"7":{"name":"(anonymous_7)","decl":{"start":{"line":58,"column":23},"end":{"line":58,"column":24}},"loc":{"start":{"line":58,"column":29},"end":{"line":58,"column":56}},"line":58},"8":{"name":"(anonymous_8)","decl":{"start":{"line":66,"column":46},"end":{"line":66,"column":47}},"loc":{"start":{"line":66,"column":53},"end":{"line":66,"column":83}},"line":66},"9":{"name":"(anonymous_9)","decl":{"start":{"line":78,"column":20},"end":{"line":78,"column":21}},"loc":{"start":{"line":79,"column":12},"end":{"line":79,"column":72}},"line":79}},"branchMap":{"0":{"loc":{"start":{"line":59,"column":25},"end":{"line":59,"column":68}},"type":"cond-expr","locations":[{"start":{"line":59,"column":55},"end":{"line":59,"column":63}},{"start":{"line":59,"column":66},"end":{"line":59,"column":68}}],"line":59},"1":{"loc":{"start":{"line":75,"column":9},"end":{"line":81,"column":9}},"type":"cond-expr","locations":[{"start":{"line":76,"column":10},"end":{"line":76,"column":28}},{"start":{"line":78,"column":10},"end":{"line":80,"column":12}}],"line":75}},"s":{"0":0,"1":0,"2":0,"3":0,"4":0,"5":0,"6":0,"7":0,"8":0,"9":0,"10":0,"11":0,"12":0,"13":0,"14":0,"15":0,"16":0,"17":0,"18":0,"19":0,"20":0,"21":0,"22":0,"23":0,"24":0,"25":0,"26":0,"27":0,"28":0,"29":0},"f":{"0":0,"1":0,"2":0,"3":0,"4":0,"5":0,"6":0,"7":0,"8":0,"9":0},"b":{"0":[0,0],"1":[0,0]}}
,"/Users/leehyeji/dev/Projects/aidlc-workflows/AIDLC-2.4/web/src/components/customer/MenuCard.jsx": {"path":"/Users/leehyeji/dev/Projects/aidlc-workflows/AIDLC-2.4/web/src/components/customer/MenuCard.jsx","statementMap":{"0":{"start":{"line":9,"column":17},"end":{"line":19,"column":1}},"1":{"start":{"line":10,"column":2},"end":{"line":18,"column":4}},"2":{"start":{"line":16,"column":29},"end":{"line":16,"column":46}}},"fnMap":{"0":{"name":"(anonymous_0)","decl":{"start":{"line":9,"column":17},"end":{"line":9,"column":18}},"loc":{"start":{"line":9,"column":44},"end":{"line":19,"column":1}},"line":9},"1":{"name":"(anonymous_1)","decl":{"start":{"line":16,"column":23},"end":{"line":16,"column":24}},"loc":{"start":{"line":16,"column":29},"end":{"line":16,"column":46}},"line":16}},"branchMap":{"0":{"loc":{"start":{"line":12,"column":7},"end":{"line":12,"column":67}},"type":"binary-expr","locations":[{"start":{"line":12,"column":7},"end":{"line":12,"column":20}},{"start":{"line":12,"column":24},"end":{"line":12,"column":67}}],"line":12},"1":{"loc":{"start":{"line":15,"column":7},"end":{"line":15,"column":77}},"type":"binary-expr","locations":[{"start":{"line":15,"column":7},"end":{"line":15,"column":23}},{"start":{"line":15,"column":27},"end":{"line":15,"column":77}}],"line":15}},"s":{"0":0,"1":0,"2":0},"f":{"0":0,"1":0},"b":{"0":[0,0],"1":[0,0]}}
,"/Users/leehyeji/dev/Projects/aidlc-workflows/AIDLC-2.4/web/src/components/customer/MenuDetail.jsx": {"path":"/Users/leehyeji/dev/Projects/aidlc-workflows/AIDLC-2.4/web/src/components/customer/MenuDetail.jsx","statementMap":{"0":{"start":{"line":11,"column":19},"end":{"line":45,"column":1}},"1":{"start":{"line":12,"column":21},"end":{"line":12,"column":32}},"2":{"start":{"line":13,"column":26},"end":{"line":13,"column":40}},"3":{"start":{"line":14,"column":32},"end":{"line":14,"column":46}},"4":{"start":{"line":15,"column":22},"end":{"line":15,"column":31}},"5":{"start":{"line":17,"column":2},"end":{"line":19,"column":15}},"6":{"start":{"line":18,"column":4},"end":{"line":18,"column":22}},"7":{"start":{"line":21,"column":26},"end":{"line":30,"column":3}},"8":{"start":{"line":22,"column":4},"end":{"line":29,"column":5}},"9":{"start":{"line":23,"column":19},"end":{"line":23,"column":46}},"10":{"start":{"line":24,"column":6},"end":{"line":24,"column":20}},"11":{"start":{"line":26,"column":6},"end":{"line":26,"column":57}},"12":{"start":{"line":28,"column":6},"end":{"line":28,"column":24}},"13":{"start":{"line":32,"column":2},"end":{"line":32,"column":41}},"14":{"start":{"line":32,"column":15},"end":{"line":32,"column":41}},"15":{"start":{"line":33,"column":2},"end":{"line":33,"column":45}},"16":{"start":{"line":33,"column":13},"end":{"line":33,"column":45}},"17":{"start":{"line":35,"column":2},"end":{"line":44,"column":4}},"18":{"start":{"line":42,"column":29},"end":{"line":42,"column":42}}},"fnMap":{"0":{"name":"(anonymous_0)","decl":{"start":{"line":11,"column":19},"end":{"line":11,"column":20}},"loc":{"start":{"line":11,"column":25},"end":{"line":45,"column":1}},"line":11},"1":{"name":"(anonymous_1)","decl":{"start":{"line":17,"column":12},"end":{"line":17,"column":13}},"loc":{"start":{"line":17,"column":18},"end":{"line":19,"column":3}},"line":17},"2":{"name":"(anonymous_2)","decl":{"start":{"line":21,"column":26},"end":{"line":21,"column":27}},"loc":{"start":{"line":21,"column":38},"end":{"line":30,"column":3}},"line":21},"3":{"name":"(anonymous_3)","decl":{"start":{"line":42,"column":23},"end":{"line":42,"column":24}},"loc":{"start":{"line":42,"column":29},"end":{"line":42,"column":42}},"line":42}},"branchMap":{"0":{"loc":{"start":{"line":32,"column":2},"end":{"line":32,"column":41}},"type":"if","locations":[{"start":{"line":32,"column":2},"end":{"line":32,"column":41}},{"start":{},"end":{}}],"line":32},"1":{"loc":{"start":{"line":33,"column":2},"end":{"line":33,"column":45}},"type":"if","locations":[{"start":{"line":33,"column":2},"end":{"line":33,"column":45}},{"start":{},"end":{}}],"line":33},"2":{"loc":{"start":{"line":37,"column":7},"end":{"line":37,"column":67}},"type":"binary-expr","locations":[{"start":{"line":37,"column":7},"end":{"line":37,"column":20}},{"start":{"line":37,"column":24},"end":{"line":37,"column":67}}],"line":37},"3":{"loc":{"start":{"line":40,"column":7},"end":{"line":40,"column":56}},"type":"binary-expr","locations":[{"start":{"line":40,"column":7},"end":{"line":40,"column":23}},{"start":{"line":40,"column":27},"end":{"line":40,"column":56}}],"line":40}},"s":{"0":0,"1":0,"2":0,"3":0,"4":0,"5":0,"6":0,"7":0,"8":0,"9":0,"10":0,"11":0,"12":0,"13":0,"14":0,"15":0,"16":0,"17":0,"18":0},"f":{"0":0,"1":0,"2":0,"3":0},"b":{"0":[0,0],"1":[0,0],"2":[0,0],"3":[0,0]}}
,"/Users/leehyeji/dev/Projects/aidlc-workflows/AIDLC-2.4/web/src/components/customer/OrderHistory.jsx": {"path":"/Users/leehyeji/dev/Projects/aidlc-workflows/AIDLC-2.4/web/src/components/customer/OrderHistory.jsx","statementMap":{"0":{"start":{"line":11,"column":21},"end":{"line":72,"column":1}},"1":{"start":{"line":12,"column":19},"end":{"line":12,"column":28}},"2":{"start":{"line":13,"column":39},"end":{"line":13,"column":65}},"3":{"start":{"line":14,"column":38},"end":{"line":14,"column":50}},"4":{"start":{"line":16,"column":2},"end":{"line":18,"column":15}},"5":{"start":{"line":17,"column":4},"end":{"line":17,"column":26}},"6":{"start":{"line":20,"column":2},"end":{"line":32,"column":22}},"7":{"start":{"line":21,"column":4},"end":{"line":21,"column":31}},"8":{"start":{"line":21,"column":24},"end":{"line":21,"column":31}},"9":{"start":{"line":23,"column":24},"end":{"line":29,"column":6}},"10":{"start":{"line":24,"column":6},"end":{"line":28,"column":8}},"11":{"start":{"line":25,"column":8},"end":{"line":27,"column":9}},"12":{"start":{"line":26,"column":10},"end":{"line":26,"column":79}},"13":{"start":{"line":31,"column":4},"end":{"line":31,"column":37}},"14":{"start":{"line":31,"column":17},"end":{"line":31,"column":36}},"15":{"start":{"line":34,"column":25},"end":{"line":41,"column":3}},"16":{"start":{"line":35,"column":19},"end":{"line":39,"column":5}},"17":{"start":{"line":40,"column":4},"end":{"line":40,"column":36}},"18":{"start":{"line":43,"column":2},"end":{"line":43,"column":41}},"19":{"start":{"line":43,"column":15},"end":{"line":43,"column":41}},"20":{"start":{"line":45,"column":2},"end":{"line":71,"column":4}},"21":{"start":{"line":53,"column":10},"end":{"line":67,"column":16}},"22":{"start":{"line":60,"column":16},"end":{"line":62,"column":22}}},"fnMap":{"0":{"name":"(anonymous_0)","decl":{"start":{"line":11,"column":21},"end":{"line":11,"column":22}},"loc":{"start":{"line":11,"column":27},"end":{"line":72,"column":1}},"line":11},"1":{"name":"(anonymous_1)","decl":{"start":{"line":16,"column":12},"end":{"line":16,"column":13}},"loc":{"start":{"line":16,"column":18},"end":{"line":18,"column":3}},"line":16},"2":{"name":"(anonymous_2)","decl":{"start":{"line":20,"column":12},"end":{"line":20,"column":13}},"loc":{"start":{"line":20,"column":18},"end":{"line":32,"column":3}},"line":20},"3":{"name":"(anonymous_3)","decl":{"start":{"line":23,"column":59},"end":{"line":23,"column":60}},"loc":{"start":{"line":23,"column":69},"end":{"line":29,"column":5}},"line":23},"4":{"name":"(anonymous_4)","decl":{"start":{"line":24,"column":20},"end":{"line":24,"column":21}},"loc":{"start":{"line":25,"column":8},"end":{"line":27,"column":9}},"line":25},"5":{"name":"(anonymous_5)","decl":{"start":{"line":25,"column":17},"end":{"line":25,"column":18}},"loc":{"start":{"line":26,"column":10},"end":{"line":26,"column":79}},"line":26},"6":{"name":"(anonymous_6)","decl":{"start":{"line":31,"column":11},"end":{"line":31,"column":12}},"loc":{"start":{"line":31,"column":17},"end":{"line":31,"column":36}},"line":31},"7":{"name":"(anonymous_7)","decl":{"start":{"line":34,"column":25},"end":{"line":34,"column":26}},"loc":{"start":{"line":34,"column":37},"end":{"line":41,"column":3}},"line":34},"8":{"name":"(anonymous_8)","decl":{"start":{"line":52,"column":23},"end":{"line":52,"column":24}},"loc":{"start":{"line":53,"column":10},"end":{"line":67,"column":16}},"line":53},"9":{"name":"(anonymous_9)","decl":{"start":{"line":59,"column":31},"end":{"line":59,"column":32}},"loc":{"start":{"line":60,"column":16},"end":{"line":62,"column":22}},"line":60}},"branchMap":{"0":{"loc":{"start":{"line":21,"column":4},"end":{"line":21,"column":31}},"type":"if","locations":[{"start":{"line":21,"column":4},"end":{"line":21,"column":31}},{"start":{},"end":{}}],"line":21},"1":{"loc":{"start":{"line":26,"column":10},"end":{"line":26,"column":79}},"type":"cond-expr","locations":[{"start":{"line":26,"column":38},"end":{"line":26,"column":71}},{"start":{"line":26,"column":74},"end":{"line":26,"column":79}}],"line":26},"2":{"loc":{"start":{"line":40,"column":11},"end":{"line":40,"column":35}},"type":"binary-expr","locations":[{"start":{"line":40,"column":11},"end":{"line":40,"column":25}},{"start":{"line":40,"column":29},"end":{"line":40,"column":35}}],"line":40},"3":{"loc":{"start":{"line":43,"column":2},"end":{"line":43,"column":41}},"type":"if","locations":[{"start":{"line":43,"column":2},"end":{"line":43,"column":41}},{"start":{},"end":{}}],"line":43},"4":{"loc":{"start":{"line":49,"column":7},"end":{"line":69,"column":7}},"type":"cond-expr","locations":[{"start":{"line":50,"column":8},"end":{"line":50,"column":30}},{"start":{"line":52,"column":8},"end":{"line":68,"column":10}}],"line":49}},"s":{"0":0,"1":0,"2":0,"3":0,"4":0,"5":0,"6":0,"7":0,"8":0,"9":0,"10":0,"11":0,"12":0,"13":0,"14":0,"15":0,"16":0,"17":0,"18":0,"19":0,"20":0,"21":0,"22":0},"f":{"0":0,"1":0,"2":0,"3":0,"4":0,"5":0,"6":0,"7":0,"8":0,"9":0},"b":{"0":[0,0],"1":[0,0],"2":[0,0],"3":[0,0],"4":[0,0]}}
,"/Users/leehyeji/dev/Projects/aidlc-workflows/AIDLC-2.4/web/src/components/customer/StaffCallButton.jsx": {"path":"/Users/leehyeji/dev/Projects/aidlc-workflows/AIDLC-2.4/web/src/components/customer/StaffCallButton.jsx","statementMap":{"0":{"start":{"line":9,"column":24},"end":{"line":33,"column":1}},"1":{"start":{"line":10,"column":32},"end":{"line":10,"column":47}},"2":{"start":{"line":12,"column":26},"end":{"line":22,"column":3}},"3":{"start":{"line":13,"column":4},"end":{"line":13,"column":21}},"4":{"start":{"line":14,"column":4},"end":{"line":21,"column":5}},"5":{"start":{"line":15,"column":6},"end":{"line":15,"column":31}},"6":{"start":{"line":16,"column":6},"end":{"line":16,"column":26}},"7":{"start":{"line":18,"column":6},"end":{"line":18,"column":70}},"8":{"start":{"line":20,"column":6},"end":{"line":20,"column":24}},"9":{"start":{"line":24,"column":2},"end":{"line":32,"column":4}}},"fnMap":{"0":{"name":"(anonymous_0)","decl":{"start":{"line":9,"column":24},"end":{"line":9,"column":25}},"loc":{"start":{"line":9,"column":41},"end":{"line":33,"column":1}},"line":9},"1":{"name":"(anonymous_1)","decl":{"start":{"line":12,"column":26},"end":{"line":12,"column":27}},"loc":{"start":{"line":12,"column":38},"end":{"line":22,"column":3}},"line":12}},"branchMap":{"0":{"loc":{"start":{"line":18,"column":25},"end":{"line":18,"column":67}},"type":"binary-expr","locations":[{"start":{"line":18,"column":25},"end":{"line":18,"column":52}},{"start":{"line":18,"column":56},"end":{"line":18,"column":67}}],"line":18},"1":{"loc":{"start":{"line":30,"column":7},"end":{"line":30,"column":36}},"type":"cond-expr","locations":[{"start":{"line":30,"column":17},"end":{"line":30,"column":26}},{"start":{"line":30,"column":29},"end":{"line":30,"column":36}}],"line":30}},"s":{"0":0,"1":0,"2":0,"3":0,"4":0,"5":0,"6":0,"7":0,"8":0,"9":0},"f":{"0":0,"1":0},"b":{"0":[0,0],"1":[0,0]}}
,"/Users/leehyeji/dev/Projects/aidlc-workflows/AIDLC-2.4/web/src/hooks/useAuth.js": {"path":"/Users/leehyeji/dev/Projects/aidlc-workflows/AIDLC-2.4/web/src/hooks/useAuth.js","statementMap":{"0":{"start":{"line":7,"column":23},"end":{"line":32,"column":1}},"1":{"start":{"line":8,"column":26},"end":{"line":12,"column":4}},"2":{"start":{"line":9,"column":22},"end":{"line":9,"column":55}},"3":{"start":{"line":10,"column":22},"end":{"line":10,"column":55}},"4":{"start":{"line":11,"column":4},"end":{"line":11,"column":88}},"5":{"start":{"line":14,"column":16},"end":{"line":18,"column":3}},"6":{"start":{"line":15,"column":16},"end":{"line":15,"column":60}},"7":{"start":{"line":16,"column":4},"end":{"line":16,"column":56}},"8":{"start":{"line":17,"column":4},"end":{"line":17,"column":22}},"9":{"start":{"line":20,"column":17},"end":{"line":24,"column":3}},"10":{"start":{"line":21,"column":4},"end":{"line":21,"column":41}},"11":{"start":{"line":22,"column":4},"end":{"line":22,"column":41}},"12":{"start":{"line":23,"column":4},"end":{"line":23,"column":18}},"13":{"start":{"line":26,"column":2},"end":{"line":31,"column":4}}},"fnMap":{"0":{"name":"(anonymous_0)","decl":{"start":{"line":7,"column":23},"end":{"line":7,"column":24}},"loc":{"start":{"line":7,"column":29},"end":{"line":32,"column":1}},"line":7},"1":{"name":"(anonymous_1)","decl":{"start":{"line":8,"column":35},"end":{"line":8,"column":36}},"loc":{"start":{"line":8,"column":41},"end":{"line":12,"column":3}},"line":8},"2":{"name":"(anonymous_2)","decl":{"start":{"line":14,"column":16},"end":{"line":14,"column":17}},"loc":{"start":{"line":14,"column":46},"end":{"line":18,"column":3}},"line":14},"3":{"name":"(anonymous_3)","decl":{"start":{"line":20,"column":17},"end":{"line":20,"column":18}},"loc":{"start":{"line":20,"column":23},"end":{"line":24,"column":3}},"line":20}},"branchMap":{"0":{"loc":{"start":{"line":11,"column":11},"end":{"line":11,"column":87}},"type":"cond-expr","locations":[{"start":{"line":11,"column":23},"end":{"line":11,"column":44}},{"start":{"line":11,"column":47},"end":{"line":11,"column":87}}],"line":11},"1":{"loc":{"start":{"line":11,"column":47},"end":{"line":11,"column":87}},"type":"cond-expr","locations":[{"start":{"line":11,"column":59},"end":{"line":11,"column":80}},{"start":{"line":11,"column":83},"end":{"line":11,"column":87}}],"line":11},"2":{"loc":{"start":{"line":14,"column":27},"end":{"line":14,"column":41}},"type":"default-arg","locations":[{"start":{"line":14,"column":34},"end":{"line":14,"column":41}}],"line":14},"3":{"loc":{"start":{"line":15,"column":16},"end":{"line":15,"column":60}},"type":"cond-expr","locations":[{"start":{"line":15,"column":35},"end":{"line":15,"column":46}},{"start":{"line":15,"column":49},"end":{"line":15,"column":60}}],"line":15}},"s":{"0":0,"1":0,"2":0,"3":0,"4":0,"5":0,"6":0,"7":0,"8":0,"9":0,"10":0,"11":0,"12":0,"13":0},"f":{"0":0,"1":0,"2":0,"3":0},"b":{"0":[0,0],"1":[0,0],"2":[0],"3":[0,0]}}
,"/Users/leehyeji/dev/Projects/aidlc-workflows/AIDLC-2.4/web/src/hooks/useCart.js": {"path":"/Users/leehyeji/dev/Projects/aidlc-workflows/AIDLC-2.4/web/src/hooks/useCart.js","statementMap":{"0":{"start":{"line":7,"column":23},"end":{"line":50,"column":1}},"1":{"start":{"line":8,"column":28},"end":{"line":11,"column":4}},"2":{"start":{"line":9,"column":18},"end":{"line":9,"column":46}},"3":{"start":{"line":10,"column":4},"end":{"line":10,"column":42}},"4":{"start":{"line":13,"column":2},"end":{"line":15,"column":14}},"5":{"start":{"line":14,"column":4},"end":{"line":14,"column":56}},"6":{"start":{"line":17,"column":18},"end":{"line":27,"column":3}},"7":{"start":{"line":18,"column":4},"end":{"line":26,"column":7}},"8":{"start":{"line":19,"column":23},"end":{"line":19,"column":63}},"9":{"start":{"line":19,"column":43},"end":{"line":19,"column":62}},"10":{"start":{"line":20,"column":6},"end":{"line":24,"column":7}},"11":{"start":{"line":21,"column":8},"end":{"line":23,"column":10}},"12":{"start":{"line":22,"column":10},"end":{"line":22,"column":79}},"13":{"start":{"line":25,"column":6},"end":{"line":25,"column":49}},"14":{"start":{"line":29,"column":21},"end":{"line":31,"column":3}},"15":{"start":{"line":30,"column":4},"end":{"line":30,"column":66}},"16":{"start":{"line":30,"column":23},"end":{"line":30,"column":64}},"17":{"start":{"line":30,"column":45},"end":{"line":30,"column":63}},"18":{"start":{"line":33,"column":25},"end":{"line":41,"column":3}},"19":{"start":{"line":34,"column":4},"end":{"line":40,"column":5}},"20":{"start":{"line":35,"column":6},"end":{"line":35,"column":25}},"21":{"start":{"line":37,"column":6},"end":{"line":39,"column":8}},"22":{"start":{"line":38,"column":8},"end":{"line":38,"column":79}},"23":{"start":{"line":38,"column":28},"end":{"line":38,"column":77}},"24":{"start":{"line":43,"column":20},"end":{"line":45,"column":3}},"25":{"start":{"line":44,"column":4},"end":{"line":44,"column":17}},"26":{"start":{"line":47,"column":22},"end":{"line":47,"column":86}},"27":{"start":{"line":47,"column":50},"end":{"line":47,"column":82}},"28":{"start":{"line":49,"column":2},"end":{"line":49,"column":80}}},"fnMap":{"0":{"name":"(anonymous_0)","decl":{"start":{"line":7,"column":23},"end":{"line":7,"column":24}},"loc":{"start":{"line":7,"column":29},"end":{"line":50,"column":1}},"line":7},"1":{"name":"(anonymous_1)","decl":{"start":{"line":8,"column":37},"end":{"line":8,"column":38}},"loc":{"start":{"line":8,"column":43},"end":{"line":11,"column":3}},"line":8},"2":{"name":"(anonymous_2)","decl":{"start":{"line":13,"column":12},"end":{"line":13,"column":13}},"loc":{"start":{"line":13,"column":18},"end":{"line":15,"column":3}},"line":13},"3":{"name":"(anonymous_3)","decl":{"start":{"line":17,"column":18},"end":{"line":17,"column":19}},"loc":{"start":{"line":17,"column":28},"end":{"line":27,"column":3}},"line":17},"4":{"name":"(anonymous_4)","decl":{"start":{"line":18,"column":13},"end":{"line":18,"column":14}},"loc":{"start":{"line":18,"column":23},"end":{"line":26,"column":5}},"line":18},"5":{"name":"(anonymous_5)","decl":{"start":{"line":19,"column":33},"end":{"line":19,"column":34}},"loc":{"start":{"line":19,"column":43},"end":{"line":19,"column":62}},"line":19},"6":{"name":"(anonymous_6)","decl":{"start":{"line":21,"column":24},"end":{"line":21,"column":25}},"loc":{"start":{"line":22,"column":10},"end":{"line":22,"column":79}},"line":22},"7":{"name":"(anonymous_7)","decl":{"start":{"line":29,"column":21},"end":{"line":29,"column":22}},"loc":{"start":{"line":29,"column":33},"end":{"line":31,"column":3}},"line":29},"8":{"name":"(anonymous_8)","decl":{"start":{"line":30,"column":13},"end":{"line":30,"column":14}},"loc":{"start":{"line":30,"column":23},"end":{"line":30,"column":64}},"line":30},"9":{"name":"(anonymous_9)","decl":{"start":{"line":30,"column":35},"end":{"line":30,"column":36}},"loc":{"start":{"line":30,"column":45},"end":{"line":30,"column":63}},"line":30},"10":{"name":"(anonymous_10)","decl":{"start":{"line":33,"column":25},"end":{"line":33,"column":26}},"loc":{"start":{"line":33,"column":47},"end":{"line":41,"column":3}},"line":33},"11":{"name":"(anonymous_11)","decl":{"start":{"line":37,"column":15},"end":{"line":37,"column":16}},"loc":{"start":{"line":38,"column":8},"end":{"line":38,"column":79}},"line":38},"12":{"name":"(anonymous_12)","decl":{"start":{"line":38,"column":17},"end":{"line":38,"column":18}},"loc":{"start":{"line":38,"column":28},"end":{"line":38,"column":77}},"line":38},"13":{"name":"(anonymous_13)","decl":{"start":{"line":43,"column":20},"end":{"line":43,"column":21}},"loc":{"start":{"line":43,"column":26},"end":{"line":45,"column":3}},"line":43},"14":{"name":"(anonymous_14)","decl":{"start":{"line":47,"column":35},"end":{"line":47,"column":36}},"loc":{"start":{"line":47,"column":50},"end":{"line":47,"column":82}},"line":47}},"branchMap":{"0":{"loc":{"start":{"line":10,"column":11},"end":{"line":10,"column":41}},"type":"cond-expr","locations":[{"start":{"line":10,"column":19},"end":{"line":10,"column":36}},{"start":{"line":10,"column":39},"end":{"line":10,"column":41}}],"line":10},"1":{"loc":{"start":{"line":20,"column":6},"end":{"line":24,"column":7}},"type":"if","locations":[{"start":{"line":20,"column":6},"end":{"line":24,"column":7}},{"start":{},"end":{}}],"line":20},"2":{"loc":{"start":{"line":22,"column":10},"end":{"line":22,"column":79}},"type":"cond-expr","locations":[{"start":{"line":22,"column":32},"end":{"line":22,"column":72}},{"start":{"line":22,"column":75},"end":{"line":22,"column":79}}],"line":22},"3":{"loc":{"start":{"line":34,"column":4},"end":{"line":40,"column":5}},"type":"if","locations":[{"start":{"line":34,"column":4},"end":{"line":40,"column":5}},{"start":{"line":36,"column":11},"end":{"line":40,"column":5}}],"line":34},"4":{"loc":{"start":{"line":38,"column":28},"end":{"line":38,"column":77}},"type":"cond-expr","locations":[{"start":{"line":38,"column":49},"end":{"line":38,"column":70}},{"start":{"line":38,"column":73},"end":{"line":38,"column":77}}],"line":38}},"s":{"0":1,"1":8,"2":4,"3":4,"4":8,"5":8,"6":8,"7":6,"8":6,"9":2,"10":6,"11":1,"12":1,"13":5,"14":8,"15":0,"16":0,"17":0,"18":8,"19":0,"20":0,"21":0,"22":0,"23":0,"24":8,"25":0,"26":8,"27":5,"28":8},"f":{"0":8,"1":4,"2":8,"3":6,"4":6,"5":2,"6":1,"7":0,"8":0,"9":0,"10":0,"11":0,"12":0,"13":0,"14":5},"b":{"0":[0,4],"1":[1,5],"2":[1,0],"3":[0,0],"4":[0,0]},"_coverageSchema":"1a1c01bbd47fc00a2c39e90264f33305004495a9","hash":"608586ea6c542dc6637c1f0eb70e248f3f06254b"}
,"/Users/leehyeji/dev/Projects/aidlc-workflows/AIDLC-2.4/web/src/hooks/useIdleTimeout.js": {"path":"/Users/leehyeji/dev/Projects/aidlc-workflows/AIDLC-2.4/web/src/hooks/useIdleTimeout.js","statementMap":{"0":{"start":{"line":8,"column":30},"end":{"line":36,"column":1}},"1":{"start":{"line":9,"column":21},"end":{"line":9,"column":33}},"2":{"start":{"line":11,"column":23},"end":{"line":16,"column":3}},"3":{"start":{"line":12,"column":4},"end":{"line":14,"column":5}},"4":{"start":{"line":13,"column":6},"end":{"line":13,"column":39}},"5":{"start":{"line":15,"column":4},"end":{"line":15,"column":58}},"6":{"start":{"line":18,"column":2},"end":{"line":35,"column":29}},"7":{"start":{"line":19,"column":19},"end":{"line":19,"column":67}},"8":{"start":{"line":21,"column":4},"end":{"line":23,"column":7}},"9":{"start":{"line":22,"column":6},"end":{"line":22,"column":51}},"10":{"start":{"line":25,"column":4},"end":{"line":25,"column":19}},"11":{"start":{"line":27,"column":4},"end":{"line":34,"column":6}},"12":{"start":{"line":28,"column":6},"end":{"line":30,"column":7}},"13":{"start":{"line":29,"column":8},"end":{"line":29,"column":41}},"14":{"start":{"line":31,"column":6},"end":{"line":33,"column":9}},"15":{"start":{"line":32,"column":8},"end":{"line":32,"column":56}}},"fnMap":{"0":{"name":"(anonymous_0)","decl":{"start":{"line":8,"column":30},"end":{"line":8,"column":31}},"loc":{"start":{"line":8,"column":56},"end":{"line":36,"column":1}},"line":8},"1":{"name":"(anonymous_1)","decl":{"start":{"line":11,"column":23},"end":{"line":11,"column":24}},"loc":{"start":{"line":11,"column":29},"end":{"line":16,"column":3}},"line":11},"2":{"name":"(anonymous_2)","decl":{"start":{"line":18,"column":12},"end":{"line":18,"column":13}},"loc":{"start":{"line":18,"column":18},"end":{"line":35,"column":3}},"line":18},"3":{"name":"(anonymous_3)","decl":{"start":{"line":21,"column":19},"end":{"line":21,"column":20}},"loc":{"start":{"line":21,"column":30},"end":{"line":23,"column":5}},"line":21},"4":{"name":"(anonymous_4)","decl":{"start":{"line":27,"column":11},"end":{"line":27,"column":12}},"loc":{"start":{"line":27,"column":17},"end":{"line":34,"column":5}},"line":27},"5":{"name":"(anonymous_5)","decl":{"start":{"line":31,"column":21},"end":{"line":31,"column":22}},"loc":{"start":{"line":31,"column":32},"end":{"line":33,"column":7}},"line":31}},"branchMap":{"0":{"loc":{"start":{"line":12,"column":4},"end":{"line":14,"column":5}},"type":"if","locations":[{"start":{"line":12,"column":4},"end":{"line":14,"column":5}},{"start":{},"end":{}}],"line":12},"1":{"loc":{"start":{"line":28,"column":6},"end":{"line":30,"column":7}},"type":"if","locations":[{"start":{"line":28,"column":6},"end":{"line":30,"column":7}},{"start":{},"end":{}}],"line":28}},"s":{"0":0,"1":0,"2":0,"3":0,"4":0,"5":0,"6":0,"7":0,"8":0,"9":0,"10":0,"11":0,"12":0,"13":0,"14":0,"15":0},"f":{"0":0,"1":0,"2":0,"3":0,"4":0,"5":0},"b":{"0":[0,0],"1":[0,0]}}
,"/Users/leehyeji/dev/Projects/aidlc-workflows/AIDLC-2.4/web/src/hooks/useOrders.js": {"path":"/Users/leehyeji/dev/Projects/aidlc-workflows/AIDLC-2.4/web/src/hooks/useOrders.js","statementMap":{"0":{"start":{"line":9,"column":25},"end":{"line":34,"column":1}},"1":{"start":{"line":10,"column":30},"end":{"line":10,"column":42}},"2":{"start":{"line":11,"column":32},"end":{"line":11,"column":47}},"3":{"start":{"line":12,"column":28},"end":{"line":12,"column":42}},"4":{"start":{"line":14,"column":22},"end":{"line":27,"column":3}},"5":{"start":{"line":15,"column":4},"end":{"line":15,"column":27}},"6":{"start":{"line":15,"column":20},"end":{"line":15,"column":27}},"7":{"start":{"line":17,"column":4},"end":{"line":17,"column":21}},"8":{"start":{"line":18,"column":4},"end":{"line":18,"column":19}},"9":{"start":{"line":19,"column":4},"end":{"line":26,"column":5}},"10":{"start":{"line":20,"column":19},"end":{"line":20,"column":45}},"11":{"start":{"line":21,"column":6},"end":{"line":21,"column":22}},"12":{"start":{"line":23,"column":6},"end":{"line":23,"column":20}},"13":{"start":{"line":25,"column":6},"end":{"line":25,"column":24}},"14":{"start":{"line":29,"column":2},"end":{"line":31,"column":18}},"15":{"start":{"line":30,"column":4},"end":{"line":30,"column":18}},"16":{"start":{"line":33,"column":2},"end":{"line":33,"column":58}}},"fnMap":{"0":{"name":"(anonymous_0)","decl":{"start":{"line":9,"column":25},"end":{"line":9,"column":26}},"loc":{"start":{"line":9,"column":40},"end":{"line":34,"column":1}},"line":9},"1":{"name":"(anonymous_1)","decl":{"start":{"line":14,"column":22},"end":{"line":14,"column":23}},"loc":{"start":{"line":14,"column":34},"end":{"line":27,"column":3}},"line":14},"2":{"name":"(anonymous_2)","decl":{"start":{"line":29,"column":12},"end":{"line":29,"column":13}},"loc":{"start":{"line":29,"column":18},"end":{"line":31,"column":3}},"line":29}},"branchMap":{"0":{"loc":{"start":{"line":15,"column":4},"end":{"line":15,"column":27}},"type":"if","locations":[{"start":{"line":15,"column":4},"end":{"line":15,"column":27}},{"start":{},"end":{}}],"line":15}},"s":{"0":0,"1":0,"2":0,"3":0,"4":0,"5":0,"6":0,"7":0,"8":0,"9":0,"10":0,"11":0,"12":0,"13":0,"14":0,"15":0,"16":0},"f":{"0":0,"1":0,"2":0},"b":{"0":[0,0]}}
,"/Users/leehyeji/dev/Projects/aidlc-workflows/AIDLC-2.4/web/src/hooks/useSSE.js": {"path":"/Users/leehyeji/dev/Projects/aidlc-workflows/AIDLC-2.4/web/src/hooks/useSSE.js","statementMap":{"0":{"start":{"line":9,"column":22},"end":{"line":40,"column":1}},"1":{"start":{"line":10,"column":36},"end":{"line":10,"column":51}},"2":{"start":{"line":11,"column":28},"end":{"line":11,"column":42}},"3":{"start":{"line":13,"column":2},"end":{"line":37,"column":23}},"4":{"start":{"line":14,"column":4},"end":{"line":14,"column":21}},"5":{"start":{"line":14,"column":14},"end":{"line":14,"column":21}},"6":{"start":{"line":16,"column":24},"end":{"line":16,"column":44}},"7":{"start":{"line":18,"column":4},"end":{"line":21,"column":6}},"8":{"start":{"line":19,"column":6},"end":{"line":19,"column":25}},"9":{"start":{"line":20,"column":6},"end":{"line":20,"column":21}},"10":{"start":{"line":23,"column":4},"end":{"line":26,"column":6}},"11":{"start":{"line":24,"column":19},"end":{"line":24,"column":41}},"12":{"start":{"line":25,"column":6},"end":{"line":25,"column":22}},"13":{"start":{"line":28,"column":4},"end":{"line":31,"column":6}},"14":{"start":{"line":29,"column":6},"end":{"line":29,"column":20}},"15":{"start":{"line":30,"column":6},"end":{"line":30,"column":26}},"16":{"start":{"line":33,"column":4},"end":{"line":36,"column":6}},"17":{"start":{"line":34,"column":6},"end":{"line":34,"column":26}},"18":{"start":{"line":35,"column":6},"end":{"line":35,"column":26}},"19":{"start":{"line":39,"column":2},"end":{"line":39,"column":30}}},"fnMap":{"0":{"name":"(anonymous_0)","decl":{"start":{"line":9,"column":22},"end":{"line":9,"column":23}},"loc":{"start":{"line":9,"column":42},"end":{"line":40,"column":1}},"line":9},"1":{"name":"(anonymous_1)","decl":{"start":{"line":13,"column":12},"end":{"line":13,"column":13}},"loc":{"start":{"line":13,"column":18},"end":{"line":37,"column":3}},"line":13},"2":{"name":"(anonymous_2)","decl":{"start":{"line":18,"column":25},"end":{"line":18,"column":26}},"loc":{"start":{"line":18,"column":31},"end":{"line":21,"column":5}},"line":18},"3":{"name":"(anonymous_3)","decl":{"start":{"line":23,"column":28},"end":{"line":23,"column":29}},"loc":{"start":{"line":23,"column":39},"end":{"line":26,"column":5}},"line":23},"4":{"name":"(anonymous_4)","decl":{"start":{"line":28,"column":26},"end":{"line":28,"column":27}},"loc":{"start":{"line":28,"column":35},"end":{"line":31,"column":5}},"line":28},"5":{"name":"(anonymous_5)","decl":{"start":{"line":33,"column":11},"end":{"line":33,"column":12}},"loc":{"start":{"line":33,"column":17},"end":{"line":36,"column":5}},"line":33}},"branchMap":{"0":{"loc":{"start":{"line":14,"column":4},"end":{"line":14,"column":21}},"type":"if","locations":[{"start":{"line":14,"column":4},"end":{"line":14,"column":21}},{"start":{},"end":{}}],"line":14}},"s":{"0":0,"1":0,"2":0,"3":0,"4":0,"5":0,"6":0,"7":0,"8":0,"9":0,"10":0,"11":0,"12":0,"13":0,"14":0,"15":0,"16":0,"17":0,"18":0,"19":0},"f":{"0":0,"1":0,"2":0,"3":0,"4":0,"5":0},"b":{"0":[0,0]}}
,"/Users/leehyeji/dev/Projects/aidlc-workflows/AIDLC-2.4/web/src/services/adminMenuService.js": {"path":"/Users/leehyeji/dev/Projects/aidlc-workflows/AIDLC-2.4/web/src/services/adminMenuService.js","statementMap":{"0":{"start":{"line":3,"column":17},"end":{"line":3,"column":40}},"1":{"start":{"line":9,"column":29},"end":{"line":12,"column":1}},"2":{"start":{"line":10,"column":19},"end":{"line":10,"column":61}},"3":{"start":{"line":11,"column":2},"end":{"line":11,"column":23}},"4":{"start":{"line":19,"column":26},"end":{"line":22,"column":1}},"5":{"start":{"line":20,"column":19},"end":{"line":20,"column":72}},"6":{"start":{"line":21,"column":2},"end":{"line":21,"column":23}},"7":{"start":{"line":30,"column":26},"end":{"line":33,"column":1}},"8":{"start":{"line":31,"column":19},"end":{"line":31,"column":81}},"9":{"start":{"line":32,"column":2},"end":{"line":32,"column":23}},"10":{"start":{"line":40,"column":26},"end":{"line":43,"column":1}},"11":{"start":{"line":41,"column":19},"end":{"line":41,"column":74}},"12":{"start":{"line":42,"column":2},"end":{"line":42,"column":23}}},"fnMap":{"0":{"name":"(anonymous_0)","decl":{"start":{"line":9,"column":29},"end":{"line":9,"column":30}},"loc":{"start":{"line":9,"column":41},"end":{"line":12,"column":1}},"line":9},"1":{"name":"(anonymous_1)","decl":{"start":{"line":19,"column":26},"end":{"line":19,"column":27}},"loc":{"start":{"line":19,"column":46},"end":{"line":22,"column":1}},"line":19},"2":{"name":"(anonymous_2)","decl":{"start":{"line":30,"column":26},"end":{"line":30,"column":27}},"loc":{"start":{"line":30,"column":54},"end":{"line":33,"column":1}},"line":30},"3":{"name":"(anonymous_3)","decl":{"start":{"line":40,"column":26},"end":{"line":40,"column":27}},"loc":{"start":{"line":40,"column":44},"end":{"line":43,"column":1}},"line":40}},"branchMap":{},"s":{"0":0,"1":0,"2":0,"3":0,"4":0,"5":0,"6":0,"7":0,"8":0,"9":0,"10":0,"11":0,"12":0},"f":{"0":0,"1":0,"2":0,"3":0},"b":{}}
,"/Users/leehyeji/dev/Projects/aidlc-workflows/AIDLC-2.4/web/src/services/adminOrderService.js": {"path":"/Users/leehyeji/dev/Projects/aidlc-workflows/AIDLC-2.4/web/src/services/adminOrderService.js","statementMap":{"0":{"start":{"line":3,"column":17},"end":{"line":3,"column":40}},"1":{"start":{"line":10,"column":30},"end":{"line":14,"column":1}},"2":{"start":{"line":11,"column":17},"end":{"line":11,"column":43}},"3":{"start":{"line":12,"column":19},"end":{"line":12,"column":74}},"4":{"start":{"line":13,"column":2},"end":{"line":13,"column":23}},"5":{"start":{"line":22,"column":33},"end":{"line":25,"column":1}},"6":{"start":{"line":23,"column":19},"end":{"line":23,"column":94}},"7":{"start":{"line":24,"column":2},"end":{"line":24,"column":23}},"8":{"start":{"line":32,"column":27},"end":{"line":35,"column":1}},"9":{"start":{"line":33,"column":19},"end":{"line":33,"column":76}},"10":{"start":{"line":34,"column":2},"end":{"line":34,"column":23}}},"fnMap":{"0":{"name":"(anonymous_0)","decl":{"start":{"line":10,"column":30},"end":{"line":10,"column":31}},"loc":{"start":{"line":10,"column":49},"end":{"line":14,"column":1}},"line":10},"1":{"name":"(anonymous_1)","decl":{"start":{"line":22,"column":33},"end":{"line":22,"column":34}},"loc":{"start":{"line":22,"column":60},"end":{"line":25,"column":1}},"line":22},"2":{"name":"(anonymous_2)","decl":{"start":{"line":32,"column":27},"end":{"line":32,"column":28}},"loc":{"start":{"line":32,"column":46},"end":{"line":35,"column":1}},"line":32}},"branchMap":{"0":{"loc":{"start":{"line":11,"column":17},"end":{"line":11,"column":43}},"type":"cond-expr","locations":[{"start":{"line":11,"column":27},"end":{"line":11,"column":38}},{"start":{"line":11,"column":41},"end":{"line":11,"column":43}}],"line":11}},"s":{"0":0,"1":0,"2":0,"3":0,"4":0,"5":0,"6":0,"7":0,"8":0,"9":0,"10":0},"f":{"0":0,"1":0,"2":0},"b":{"0":[0,0]}}
,"/Users/leehyeji/dev/Projects/aidlc-workflows/AIDLC-2.4/web/src/services/adminTableService.js": {"path":"/Users/leehyeji/dev/Projects/aidlc-workflows/AIDLC-2.4/web/src/services/adminTableService.js","statementMap":{"0":{"start":{"line":3,"column":17},"end":{"line":3,"column":40}},"1":{"start":{"line":10,"column":29},"end":{"line":13,"column":1}},"2":{"start":{"line":11,"column":19},"end":{"line":11,"column":83}},"3":{"start":{"line":12,"column":2},"end":{"line":12,"column":23}}},"fnMap":{"0":{"name":"(anonymous_0)","decl":{"start":{"line":10,"column":29},"end":{"line":10,"column":30}},"loc":{"start":{"line":10,"column":48},"end":{"line":13,"column":1}},"line":10}},"branchMap":{},"s":{"0":0,"1":0,"2":0,"3":0},"f":{"0":0},"b":{}}
,"/Users/leehyeji/dev/Projects/aidlc-workflows/AIDLC-2.4/web/src/services/apiClient.js": {"path":"/Users/leehyeji/dev/Projects/aidlc-workflows/AIDLC-2.4/web/src/services/apiClient.js","statementMap":{"0":{"start":{"line":7,"column":31},"end":{"line":35,"column":1}},"1":{"start":{"line":8,"column":17},"end":{"line":13,"column":4}},"2":{"start":{"line":16,"column":2},"end":{"line":32,"column":4}},"3":{"start":{"line":18,"column":24},"end":{"line":18,"column":57}},"4":{"start":{"line":19,"column":24},"end":{"line":19,"column":57}},"5":{"start":{"line":21,"column":6},"end":{"line":27,"column":7}},"6":{"start":{"line":22,"column":26},"end":{"line":22,"column":47}},"7":{"start":{"line":23,"column":8},"end":{"line":23,"column":57}},"8":{"start":{"line":24,"column":13},"end":{"line":27,"column":7}},"9":{"start":{"line":25,"column":26},"end":{"line":25,"column":47}},"10":{"start":{"line":26,"column":8},"end":{"line":26,"column":57}},"11":{"start":{"line":29,"column":6},"end":{"line":29,"column":20}},"12":{"start":{"line":31,"column":15},"end":{"line":31,"column":36}},"13":{"start":{"line":34,"column":2},"end":{"line":34,"column":16}}},"fnMap":{"0":{"name":"(anonymous_0)","decl":{"start":{"line":7,"column":31},"end":{"line":7,"column":32}},"loc":{"start":{"line":7,"column":37},"end":{"line":35,"column":1}},"line":7},"1":{"name":"(anonymous_1)","decl":{"start":{"line":17,"column":4},"end":{"line":17,"column":5}},"loc":{"start":{"line":17,"column":16},"end":{"line":30,"column":5}},"line":17},"2":{"name":"(anonymous_2)","decl":{"start":{"line":31,"column":4},"end":{"line":31,"column":5}},"loc":{"start":{"line":31,"column":15},"end":{"line":31,"column":36}},"line":31}},"branchMap":{"0":{"loc":{"start":{"line":21,"column":6},"end":{"line":27,"column":7}},"type":"if","locations":[{"start":{"line":21,"column":6},"end":{"line":27,"column":7}},{"start":{"line":24,"column":13},"end":{"line":27,"column":7}}],"line":21},"1":{"loc":{"start":{"line":24,"column":13},"end":{"line":27,"column":7}},"type":"if","locations":[{"start":{"line":24,"column":13},"end":{"line":27,"column":7}},{"start":{},"end":{}}],"line":24}},"s":{"0":1,"1":2,"2":2,"3":0,"4":0,"5":0,"6":0,"7":0,"8":0,"9":0,"10":0,"11":0,"12":0,"13":2},"f":{"0":2,"1":0,"2":0},"b":{"0":[0,0],"1":[0,0]},"_coverageSchema":"1a1c01bbd47fc00a2c39e90264f33305004495a9","hash":"6cec9f81e3398e9af6c0922a545435a8fb5dd5a3"}
,"/Users/leehyeji/dev/Projects/aidlc-workflows/AIDLC-2.4/web/src/services/authService.js": {"path":"/Users/leehyeji/dev/Projects/aidlc-workflows/AIDLC-2.4/web/src/services/authService.js","statementMap":{"0":{"start":{"line":3,"column":17},"end":{"line":3,"column":40}},"1":{"start":{"line":12,"column":26},"end":{"line":19,"column":1}},"2":{"start":{"line":13,"column":19},"end":{"line":17,"column":4}},"3":{"start":{"line":18,"column":2},"end":{"line":18,"column":23}},"4":{"start":{"line":28,"column":26},"end":{"line":35,"column":1}},"5":{"start":{"line":29,"column":19},"end":{"line":33,"column":4}},"6":{"start":{"line":34,"column":2},"end":{"line":34,"column":23}}},"fnMap":{"0":{"name":"(anonymous_0)","decl":{"start":{"line":12,"column":26},"end":{"line":12,"column":27}},"loc":{"start":{"line":12,"column":70},"end":{"line":19,"column":1}},"line":12},"1":{"name":"(anonymous_1)","decl":{"start":{"line":28,"column":26},"end":{"line":28,"column":27}},"loc":{"start":{"line":28,"column":67},"end":{"line":35,"column":1}},"line":28}},"branchMap":{},"s":{"0":1,"1":1,"2":2,"3":1,"4":1,"5":1,"6":1},"f":{"0":2,"1":1},"b":{},"_coverageSchema":"1a1c01bbd47fc00a2c39e90264f33305004495a9","hash":"287838a0d7dfeca7da159af5535e289fb8a6b6f4"}
,"/Users/leehyeji/dev/Projects/aidlc-workflows/AIDLC-2.4/web/src/services/menuService.js": {"path":"/Users/leehyeji/dev/Projects/aidlc-workflows/AIDLC-2.4/web/src/services/menuService.js","statementMap":{"0":{"start":{"line":3,"column":17},"end":{"line":3,"column":40}},"1":{"start":{"line":9,"column":29},"end":{"line":12,"column":1}},"2":{"start":{"line":10,"column":19},"end":{"line":10,"column":66}},"3":{"start":{"line":11,"column":2},"end":{"line":11,"column":23}},"4":{"start":{"line":20,"column":24},"end":{"line":27,"column":1}},"5":{"start":{"line":21,"column":17},"end":{"line":21,"column":19}},"6":{"start":{"line":22,"column":2},"end":{"line":22,"column":49}},"7":{"start":{"line":22,"column":18},"end":{"line":22,"column":49}},"8":{"start":{"line":23,"column":2},"end":{"line":23,"column":52}},"9":{"start":{"line":23,"column":19},"end":{"line":23,"column":52}},"10":{"start":{"line":25,"column":19},"end":{"line":25,"column":67}},"11":{"start":{"line":26,"column":2},"end":{"line":26,"column":23}},"12":{"start":{"line":34,"column":29},"end":{"line":37,"column":1}},"13":{"start":{"line":35,"column":19},"end":{"line":35,"column":65}},"14":{"start":{"line":36,"column":2},"end":{"line":36,"column":23}}},"fnMap":{"0":{"name":"(anonymous_0)","decl":{"start":{"line":9,"column":29},"end":{"line":9,"column":30}},"loc":{"start":{"line":9,"column":41},"end":{"line":12,"column":1}},"line":9},"1":{"name":"(anonymous_1)","decl":{"start":{"line":20,"column":24},"end":{"line":20,"column":25}},"loc":{"start":{"line":20,"column":59},"end":{"line":27,"column":1}},"line":20},"2":{"name":"(anonymous_2)","decl":{"start":{"line":34,"column":29},"end":{"line":34,"column":30}},"loc":{"start":{"line":34,"column":47},"end":{"line":37,"column":1}},"line":34}},"branchMap":{"0":{"loc":{"start":{"line":22,"column":2},"end":{"line":22,"column":49}},"type":"if","locations":[{"start":{"line":22,"column":2},"end":{"line":22,"column":49}},{"start":{},"end":{}}],"line":22},"1":{"loc":{"start":{"line":23,"column":2},"end":{"line":23,"column":52}},"type":"if","locations":[{"start":{"line":23,"column":2},"end":{"line":23,"column":52}},{"start":{},"end":{}}],"line":23}},"s":{"0":1,"1":1,"2":1,"3":1,"4":1,"5":3,"6":3,"7":1,"8":3,"9":1,"10":3,"11":3,"12":1,"13":1,"14":1},"f":{"0":1,"1":3,"2":1},"b":{"0":[1,2],"1":[1,2]},"_coverageSchema":"1a1c01bbd47fc00a2c39e90264f33305004495a9","hash":"b96b74b49ef0b2e83f6fd71d9c7206e0bc82ee6f"}
,"/Users/leehyeji/dev/Projects/aidlc-workflows/AIDLC-2.4/web/src/services/orderService.js": {"path":"/Users/leehyeji/dev/Projects/aidlc-workflows/AIDLC-2.4/web/src/services/orderService.js","statementMap":{"0":{"start":{"line":3,"column":17},"end":{"line":3,"column":40}},"1":{"start":{"line":11,"column":27},"end":{"line":14,"column":1}},"2":{"start":{"line":12,"column":19},"end":{"line":12,"column":79}},"3":{"start":{"line":13,"column":2},"end":{"line":13,"column":23}},"4":{"start":{"line":21,"column":25},"end":{"line":26,"column":1}},"5":{"start":{"line":22,"column":19},"end":{"line":24,"column":4}},"6":{"start":{"line":25,"column":2},"end":{"line":25,"column":23}}},"fnMap":{"0":{"name":"(anonymous_0)","decl":{"start":{"line":11,"column":27},"end":{"line":11,"column":28}},"loc":{"start":{"line":11,"column":55},"end":{"line":14,"column":1}},"line":11},"1":{"name":"(anonymous_1)","decl":{"start":{"line":21,"column":25},"end":{"line":21,"column":26}},"loc":{"start":{"line":21,"column":46},"end":{"line":26,"column":1}},"line":21}},"branchMap":{},"s":{"0":0,"1":0,"2":0,"3":0,"4":0,"5":0,"6":0},"f":{"0":0,"1":0},"b":{}}
,"/Users/leehyeji/dev/Projects/aidlc-workflows/AIDLC-2.4/web/src/services/sseService.js": {"path":"/Users/leehyeji/dev/Projects/aidlc-workflows/AIDLC-2.4/web/src/services/sseService.js","statementMap":{"0":{"start":{"line":1,"column":17},"end":{"line":1,"column":40}},"1":{"start":{"line":9,"column":36},"end":{"line":18,"column":1}},"2":{"start":{"line":10,"column":22},"end":{"line":10,"column":74}},"3":{"start":{"line":12,"column":2},"end":{"line":15,"column":4}},"4":{"start":{"line":13,"column":17},"end":{"line":13,"column":39}},"5":{"start":{"line":14,"column":4},"end":{"line":14,"column":20}},"6":{"start":{"line":17,"column":2},"end":{"line":17,"column":21}},"7":{"start":{"line":26,"column":36},"end":{"line":35,"column":1}},"8":{"start":{"line":27,"column":22},"end":{"line":27,"column":84}},"9":{"start":{"line":29,"column":2},"end":{"line":32,"column":4}},"10":{"start":{"line":30,"column":17},"end":{"line":30,"column":39}},"11":{"start":{"line":31,"column":4},"end":{"line":31,"column":20}},"12":{"start":{"line":34,"column":2},"end":{"line":34,"column":21}}},"fnMap":{"0":{"name":"(anonymous_0)","decl":{"start":{"line":9,"column":36},"end":{"line":9,"column":37}},"loc":{"start":{"line":9,"column":60},"end":{"line":18,"column":1}},"line":9},"1":{"name":"(anonymous_1)","decl":{"start":{"line":12,"column":26},"end":{"line":12,"column":27}},"loc":{"start":{"line":12,"column":37},"end":{"line":15,"column":3}},"line":12},"2":{"name":"(anonymous_2)","decl":{"start":{"line":26,"column":36},"end":{"line":26,"column":37}},"loc":{"start":{"line":26,"column":58},"end":{"line":35,"column":1}},"line":26},"3":{"name":"(anonymous_3)","decl":{"start":{"line":29,"column":26},"end":{"line":29,"column":27}},"loc":{"start":{"line":29,"column":37},"end":{"line":32,"column":3}},"line":29}},"branchMap":{},"s":{"0":0,"1":0,"2":0,"3":0,"4":0,"5":0,"6":0,"7":0,"8":0,"9":0,"10":0,"11":0,"12":0},"f":{"0":0,"1":0,"2":0,"3":0},"b":{}}
,"/Users/leehyeji/dev/Projects/aidlc-workflows/AIDLC-2.4/web/src/services/staffService.js": {"path":"/Users/leehyeji/dev/Projects/aidlc-workflows/AIDLC-2.4/web/src/services/staffService.js","statementMap":{"0":{"start":{"line":3,"column":17},"end":{"line":3,"column":40}},"1":{"start":{"line":10,"column":25},"end":{"line":13,"column":1}},"2":{"start":{"line":11,"column":19},"end":{"line":11,"column":74}},"3":{"start":{"line":12,"column":2},"end":{"line":12,"column":23}}},"fnMap":{"0":{"name":"(anonymous_0)","decl":{"start":{"line":10,"column":25},"end":{"line":10,"column":26}},"loc":{"start":{"line":10,"column":44},"end":{"line":13,"column":1}},"line":10}},"branchMap":{},"s":{"0":0,"1":0,"2":0,"3":0},"f":{"0":0},"b":{}}
}
